<?xml version="1.0" encoding="UTF-8"?>
<!-- Generated by org.testng.reporters.JUnitReportReporter -->
<testsuite hostname="TYSS-Nitheesha" failures="3" tests="7" name="runner.RunnerIO" time="185.992" errors="0" timestamp="2022-03-30T15:40:37 IST" skipped="0">
  <testcase classname="runner.RunnerIO" name="runScenario" time="33.138">
    <failure message="Both industry names are not matching expected [Manufacturing] but found [Manufacturing    ]" type="java.lang.AssertionError">
      <![CDATA[java.lang.AssertionError: Both industry names are not matching expected [Manufacturing] but found [Manufacturing    ]
at org.testng.Assert.fail(Assert.java:99)
at org.testng.Assert.failNotEquals(Assert.java:1037)
at org.testng.Assert.assertEqualsImpl(Assert.java:140)
at org.testng.Assert.assertEquals(Assert.java:122)
at org.testng.Assert.assertEquals(Assert.java:629)
at stepDefinitions.DataDrivenTest.validate_the_organization_name_and_dropdown(DataDrivenTest.java:114)
at ✽.validate the organization name "Mintra" and dropdown "Manufacturing"(file:///C:/Users/User/git/BDD/BDDFramework/./src/test/java/features/DataDriven.feature:24)
]]>
    </failure>
  </testcase> <!-- runScenario -->
  <system-out/>
  <testcase classname="runner.RunnerIO" name="runScenario" time="15.384"/>
  <system-out/>
  <testcase classname="runner.RunnerIO" name="runScenario" time="22.298"/>
  <system-out/>
  <testcase classname="runner.RunnerIO" name="runScenario" time="33.701">
    <failure message="Both industry names are not matching expected [Technology] but found [Technology    ]" type="java.lang.AssertionError">
      <![CDATA[java.lang.AssertionError: Both industry names are not matching expected [Technology] but found [Technology    ]
at org.testng.Assert.fail(Assert.java:99)
at org.testng.Assert.failNotEquals(Assert.java:1037)
at org.testng.Assert.assertEqualsImpl(Assert.java:140)
at org.testng.Assert.assertEquals(Assert.java:122)
at org.testng.Assert.assertEquals(Assert.java:629)
at stepDefinitions.DataDrivenTest.validate_the_organization_name_and_dropdown(DataDrivenTest.java:114)
at ✽.validate the organization name "Amazon" and dropdown "Technology"(file:///C:/Users/User/git/BDD/BDDFramework/./src/test/java/features/DataDriven.feature:24)
]]>
    </failure>
  </testcase> <!-- runScenario -->
  <system-out/>
  <testcase classname="runner.RunnerIO" name="runScenario" time="11.839"/>
  <system-out/>
  <testcase classname="runner.RunnerIO" name="runScenario" time="33.893">
    <failure message="Both industry names are not matching expected [Engineering] but found [Engineering    ]" type="java.lang.AssertionError">
      <![CDATA[java.lang.AssertionError: Both industry names are not matching expected [Engineering] but found [Engineering    ]
at org.testng.Assert.fail(Assert.java:99)
at org.testng.Assert.failNotEquals(Assert.java:1037)
at org.testng.Assert.assertEqualsImpl(Assert.java:140)
at org.testng.Assert.assertEquals(Assert.java:122)
at org.testng.Assert.assertEquals(Assert.java:629)
at stepDefinitions.DataDrivenTest.validate_the_organization_name_and_dropdown(DataDrivenTest.java:114)
at ✽.validate the organization name "Google" and dropdown "Engineering"(file:///C:/Users/User/git/BDD/BDDFramework/./src/test/java/features/DataDriven.feature:24)
]]>
    </failure>
  </testcase> <!-- runScenario -->
  <system-out/>
  <testcase classname="runner.RunnerIO" name="runScenario" time="35.739"/>
  <system-out/>
</testsuite> <!-- runner.RunnerIO -->
